d:\ssafy\ssafy race\ssafy_servo_motor\src\build\debug\vc141.pdb
d:\ssafy\ssafy race\ssafy_servo_motor\src\build\debug\vc141.idb
d:\ssafy\ssafy race\ssafy_servo_motor\src\build\debug\mycar.obj
d:\ssafy\ssafy race\ssafy_servo_motor\src\build\debug\posinfo.obj
d:\ssafy\ssafy race\ssafy_servo_motor\src\build\debug\lineeq.obj
d:\ssafy\ssafy race\ssafy_servo_motor\src\build\debug\internal_division.obj
d:\ssafy\ssafy race\ssafy_servo_motor\src\build\debug\grad_to_moving_angle.obj
d:\ssafy\ssafy race\ssafy_servo_motor\src\build\debug\example.obj
d:\ssafy\ssafy race\ssafy_servo_motor\src\build\debug\cog_waypoints_to_posinfo.obj
d:\ssafy\ssafy race\ssafy_servo_motor\src\build\debug\cog_road_departure.obj
d:\ssafy\ssafy race\ssafy_servo_motor\src\build\debug\cog_predict_road_departure.obj
d:\ssafy\ssafy race\ssafy_servo_motor\src\build\debug\cog_predict_collision.obj
d:\ssafy\ssafy race\ssafy_servo_motor\src\build\debug\cog_opponent_to_posinfo.obj
d:\ssafy\ssafy race\ssafy_servo_motor\src\build\debug\cog_obstacle_avoidance.obj
d:\ssafy\ssafy race\ssafy_servo_motor\src\build\debug\cog_obstacles_to_posinfo.obj
d:\ssafy\ssafy race\ssafy_servo_motor\src\build\debug\cog_locate_conversion.obj
d:\ssafy\ssafy race\ssafy_servo_motor\src\build\debug\cog_distance_to_closest_obstacle.obj
d:\ssafy\ssafy race\ssafy_servo_motor\src\build\debug\cog_angle_sum.obj
d:\ssafy\ssafy race\ssafy_servo_motor\src\build\debug\circeq.obj
d:\ssafy\ssafy race\ssafy_servo_motor\src\build\debug\ccw.obj
d:\ssafy\ssafy race\ssafy_servo_motor\src\build\debug\mycar.exe
d:\ssafy\ssafy race\ssafy_servo_motor\src\build\debug\mycar.ilk
d:\ssafy\ssafy race\ssafy_servo_motor\src\build\debug\mycar.pdb
d:\ssafy\ssafy race\ssafy_servo_motor\src\build\debug\mycar.tlog\cl.command.1.tlog
d:\ssafy\ssafy race\ssafy_servo_motor\src\build\debug\mycar.tlog\cl.read.1.tlog
d:\ssafy\ssafy race\ssafy_servo_motor\src\build\debug\mycar.tlog\cl.write.1.tlog
d:\ssafy\ssafy race\ssafy_servo_motor\src\build\debug\mycar.tlog\link.command.1.tlog
d:\ssafy\ssafy race\ssafy_servo_motor\src\build\debug\mycar.tlog\link.read.1.tlog
d:\ssafy\ssafy race\ssafy_servo_motor\src\build\debug\mycar.tlog\link.write.1.tlog
